<?xml version="1.0" encoding="UTF-8"?>
<!-- Generated by org.testng.reporters.JUnitXMLReporter -->
<testsuite ignored="0" hostname="DESKTOP-838J0I7" failures="0" tests="5" name="trello  Test Cases" time="97.926" errors="0" timestamp="2022-08-05T13:22:20 CEST">
  <testcase classname="com.trello.qa.testcases.HomePageTest" name="addNewBoard" time="9.964"/>
  <testcase classname="com.trello.qa.testcases.BoardPageTest" name="createCard" time="7.171"/>
  <testcase classname="com.trello.qa.testcases.LoginPageTest" name="loginPageTitleVerification" time="0.196"/>
  <testcase classname="com.trello.qa.testcases.LoginPageTest" name="logoVerification" time="0.564"/>
  <testcase classname="com.trello.qa.testcases.LoginPageTest" name="loginVerification" time="9.434"/>
</testsuite> <!-- trello  Test Cases -->
